<?xml version="1.0" encoding="UTF-8"?>
<testng-results ignored="0" total="1" passed="1" failed="0" skipped="0">
  <reporter-output>
  </reporter-output>
  <suite started-at="2023-03-01T15:31:45 IST" name="Default suite" finished-at="2023-03-01T15:31:45 IST" duration-ms="52">
    <groups>
    </groups>
    <test started-at="2023-03-01T15:31:45 IST" name="Default test" finished-at="2023-03-01T15:31:45 IST" duration-ms="52">
      <class name="Learning.java.WrapperClsLn">
        <test-method signature="wrapper()[pri:0, instance:Learning.java.WrapperClsLn@2dde1bff]" started-at="2023-03-01T15:31:45 IST" name="wrapper" finished-at="2023-03-01T15:31:45 IST" duration-ms="8" status="PASS">
          <reporter-output>
          </reporter-output>
        </test-method> <!-- wrapper -->
      </class> <!-- Learning.java.WrapperClsLn -->
    </test> <!-- Default test -->
  </suite> <!-- Default suite -->
</testng-results>
